#! /usr/local/Cellar/icarus-verilog/11.0/bin/vvp
:ivl_version "11.0 (stable)";
:ivl_delay_selection "TYPICAL";
:vpi_time_precision + 0;
:vpi_module "/usr/local/Cellar/icarus-verilog/11.0/lib/ivl/system.vpi";
:vpi_module "/usr/local/Cellar/icarus-verilog/11.0/lib/ivl/vhdl_sys.vpi";
:vpi_module "/usr/local/Cellar/icarus-verilog/11.0/lib/ivl/vhdl_textio.vpi";
:vpi_module "/usr/local/Cellar/icarus-verilog/11.0/lib/ivl/v2005_math.vpi";
:vpi_module "/usr/local/Cellar/icarus-verilog/11.0/lib/ivl/va_math.vpi";
S_0x7fdb3cc041c0 .scope module, "fsm_moore" "fsm_moore" 2 1;
 .timescale 0 0;
    .port_info 0 /INPUT 1 "clk";
    .port_info 1 /INPUT 1 "rst";
    .port_info 2 /INPUT 1 "inp";
    .port_info 3 /OUTPUT 1 "outp";
o0x7fdb30008008 .functor BUFZ 1, C4<z>; HiZ drive
v0x7fdb3cc043f0_0 .net "clk", 0 0, o0x7fdb30008008;  0 drivers
o0x7fdb30008038 .functor BUFZ 1, C4<z>; HiZ drive
v0x7fdb3cc144a0_0 .net "inp", 0 0, o0x7fdb30008038;  0 drivers
v0x7fdb3cc14540_0 .var "outp", 0 0;
o0x7fdb30008098 .functor BUFZ 1, C4<z>; HiZ drive
v0x7fdb3cc145d0_0 .net "rst", 0 0, o0x7fdb30008098;  0 drivers
v0x7fdb3cc14670_0 .var "state", 2 0;
E_0x7fdb3cc043a0 .event posedge, v0x7fdb3cc145d0_0, v0x7fdb3cc043f0_0;
    .scope S_0x7fdb3cc041c0;
T_0 ;
    %wait E_0x7fdb3cc043a0;
    %load/vec4 v0x7fdb3cc145d0_0;
    %flag_set/vec4 8;
    %jmp/0xz  T_0.0, 8;
    %pushi/vec4 0, 0, 3;
    %assign/vec4 v0x7fdb3cc14670_0, 0;
    %jmp T_0.1;
T_0.0 ;
    %load/vec4 v0x7fdb3cc14670_0;
    %dup/vec4;
    %pushi/vec4 0, 0, 3;
    %cmp/u;
    %jmp/1 T_0.2, 6;
    %dup/vec4;
    %pushi/vec4 1, 0, 3;
    %cmp/u;
    %jmp/1 T_0.3, 6;
    %dup/vec4;
    %pushi/vec4 2, 0, 3;
    %cmp/u;
    %jmp/1 T_0.4, 6;
    %dup/vec4;
    %pushi/vec4 3, 0, 3;
    %cmp/u;
    %jmp/1 T_0.5, 6;
    %dup/vec4;
    %pushi/vec4 4, 0, 3;
    %cmp/u;
    %jmp/1 T_0.6, 6;
    %jmp T_0.7;
T_0.2 ;
    %load/vec4 v0x7fdb3cc144a0_0;
    %flag_set/vec4 8;
    %jmp/0xz  T_0.8, 8;
    %pushi/vec4 1, 0, 3;
    %assign/vec4 v0x7fdb3cc14670_0, 0;
    %jmp T_0.9;
T_0.8 ;
    %pushi/vec4 0, 0, 3;
    %assign/vec4 v0x7fdb3cc14670_0, 0;
T_0.9 ;
    %jmp T_0.7;
T_0.3 ;
    %load/vec4 v0x7fdb3cc144a0_0;
    %flag_set/vec4 8;
    %jmp/0xz  T_0.10, 8;
    %pushi/vec4 1, 0, 3;
    %assign/vec4 v0x7fdb3cc14670_0, 0;
    %jmp T_0.11;
T_0.10 ;
    %pushi/vec4 2, 0, 3;
    %assign/vec4 v0x7fdb3cc14670_0, 0;
T_0.11 ;
    %jmp T_0.7;
T_0.4 ;
    %load/vec4 v0x7fdb3cc144a0_0;
    %flag_set/vec4 8;
    %jmp/0xz  T_0.12, 8;
    %pushi/vec4 3, 0, 3;
    %assign/vec4 v0x7fdb3cc14670_0, 0;
    %jmp T_0.13;
T_0.12 ;
    %pushi/vec4 0, 0, 3;
    %assign/vec4 v0x7fdb3cc14670_0, 0;
T_0.13 ;
    %jmp T_0.7;
T_0.5 ;
    %load/vec4 v0x7fdb3cc144a0_0;
    %flag_set/vec4 8;
    %jmp/0xz  T_0.14, 8;
    %pushi/vec4 4, 0, 3;
    %assign/vec4 v0x7fdb3cc14670_0, 0;
    %jmp T_0.15;
T_0.14 ;
    %pushi/vec4 2, 0, 3;
    %assign/vec4 v0x7fdb3cc14670_0, 0;
T_0.15 ;
    %jmp T_0.7;
T_0.6 ;
    %load/vec4 v0x7fdb3cc144a0_0;
    %flag_set/vec4 8;
    %jmp/0xz  T_0.16, 8;
    %pushi/vec4 1, 0, 3;
    %assign/vec4 v0x7fdb3cc14670_0, 0;
    %jmp T_0.17;
T_0.16 ;
    %pushi/vec4 2, 0, 3;
    %assign/vec4 v0x7fdb3cc14670_0, 0;
T_0.17 ;
    %jmp T_0.7;
T_0.7 ;
    %pop/vec4 1;
T_0.1 ;
    %jmp T_0;
    .thread T_0;
    .scope S_0x7fdb3cc041c0;
T_1 ;
    %wait E_0x7fdb3cc043a0;
    %load/vec4 v0x7fdb3cc145d0_0;
    %flag_set/vec4 8;
    %jmp/0xz  T_1.0, 8;
    %pushi/vec4 0, 0, 1;
    %assign/vec4 v0x7fdb3cc14540_0, 0;
    %jmp T_1.1;
T_1.0 ;
    %load/vec4 v0x7fdb3cc14670_0;
    %cmpi/u 4, 0, 3;
    %flag_or 5, 4;
    %jmp/0xz  T_1.2, 5;
    %pushi/vec4 1, 0, 1;
    %assign/vec4 v0x7fdb3cc14540_0, 0;
    %jmp T_1.3;
T_1.2 ;
    %pushi/vec4 0, 0, 1;
    %assign/vec4 v0x7fdb3cc14540_0, 0;
T_1.3 ;
T_1.1 ;
    %jmp T_1;
    .thread T_1;
# The file index is used to find the file name in the following table.
:file_names 3;
    "N/A";
    "<interactive>";
    "fsm_moore.v";
